#
# A fatal error has been detected by the Java Runtime Environment:
#
#  Internal Error (javaClasses.cpp:136), pid=10220, tid=12936
#  fatal error: Invalid layout of preloaded class
#
# JRE version:  (7.0_45-b18) (build )
# Java VM: Java HotSpot(TM) 64-Bit Server VM (24.45-b08 mixed mode windows-amd64 compressed oops)
# Failed to write core dump. Minidumps are not enabled by default on client versions of Windows
#
# If you would like to submit a bug report, please visit:
#   http://bugreport.sun.com/bugreport/crash.jsp
#

---------------  T H R E A D  ---------------

Current thread (0x0000000002170000):  JavaThread "Unknown thread" [_thread_in_vm, id=12936, stack(0x0000000002610000,0x0000000002710000)]

Stack: [0x0000000002610000,0x0000000002710000]

---------------  P R O C E S S  ---------------

Java Threads: ( => current thread )

Other Threads:

=>0x0000000002170000 (exited) JavaThread "Unknown thread" [_thread_in_vm, id=12936, stack(0x0000000002610000,0x0000000002710000)]

VM state:not at safepoint (not fully initialized)

VM Mutex/Monitor currently owned by a thread: None

GC Heap History (0 events):
No events

Deoptimization events (0 events):
No events

Internal exceptions (0 events):
No events

Events (10 events):
Event: 0.184 loading class 0x00000000021b1340 done
Event: 0.185 loading class 0x00000000021b0d60 done
Event: 0.185 loading class 0x00000000021b0d40
Event: 0.185 loading class 0x00000000021b8e40
Event: 0.185 loading class 0x00000000021b8e40 done
Event: 0.185 loading class 0x00000000021b8e70
Event: 0.185 loading class 0x00000000021b8e70 done
Event: 0.185 loading class 0x00000000021b8ea0
Event: 0.185 loading class 0x00000000021b8ea0 done
Event: 0.185 loading class 0x00000000021b0d40 done


Dynamic libraries:
0x000000013f0f0000 - 0x000000013f123000 	C:\Program Files\Java\jre7\bin\javaw.exe
0x00000000779b0000 - 0x0000000077b59000 	C:\Windows\SYSTEM32\ntdll.dll
0x0000000077890000 - 0x00000000779af000 	C:\Windows\system32\kernel32.dll
0x000007fefd810000 - 0x000007fefd87b000 	C:\Windows\system32\KERNELBASE.dll
0x000007fefde50000 - 0x000007fefdf2b000 	C:\Windows\system32\ADVAPI32.dll
0x000007fefed90000 - 0x000007fefee2f000 	C:\Windows\system32\msvcrt.dll
0x000007feffca0000 - 0x000007feffcbf000 	C:\Windows\SYSTEM32\sechost.dll
0x000007fefe970000 - 0x000007fefea9d000 	C:\Windows\system32\RPCRT4.dll
0x0000000077790000 - 0x000000007788a000 	C:\Windows\system32\USER32.dll
0x000007fefe290000 - 0x000007fefe2f7000 	C:\Windows\system32\GDI32.dll
0x000007fefeb80000 - 0x000007fefeb8e000 	C:\Windows\system32\LPK.dll
0x000007fefee40000 - 0x000007fefef09000 	C:\Windows\system32\USP10.dll
0x000007fefc380000 - 0x000007fefc574000 	C:\Windows\WinSxS\amd64_microsoft.windows.common-controls_6595b64144ccf1df_6.0.7601.17514_none_fa396087175ac9ac\COMCTL32.dll
0x000007fefddd0000 - 0x000007fefde41000 	C:\Windows\system32\SHLWAPI.dll
0x000007fefe260000 - 0x000007fefe28e000 	C:\Windows\system32\IMM32.DLL
0x000007fefe300000 - 0x000007fefe409000 	C:\Windows\system32\MSCTF.dll
0x000000006e2d0000 - 0x000000006e3a2000 	C:\Program Files\Java\jre7\bin\msvcr100.dll
0x000000005e0e0000 - 0x000000005e8a9000 	C:\Program Files\Java\jre7\bin\server\jvm.dll
0x000007fee3e80000 - 0x000007fee3e89000 	C:\Windows\system32\WSOCK32.dll
0x000007fefe090000 - 0x000007fefe0dd000 	C:\Windows\system32\WS2_32.dll
0x000007fefee30000 - 0x000007fefee38000 	C:\Windows\system32\NSI.dll
0x000007fefaf30000 - 0x000007fefaf6b000 	C:\Windows\system32\WINMM.dll
0x0000000077b80000 - 0x0000000077b87000 	C:\Windows\system32\PSAPI.DLL
0x00000000730b0000 - 0x00000000730bf000 	C:\Program Files\Java\jre7\bin\verify.dll
0x000000006e770000 - 0x000000006e798000 	C:\Program Files\Java\jre7\bin\java.dll
0x000000006a4c0000 - 0x000000006a4f5000 	C:\Program Files\Java\jre7\bin\jdwp.dll
0x00000000709f0000 - 0x00000000709f8000 	C:\Program Files\Java\jre7\bin\npt.dll
0x000000006f810000 - 0x000000006f825000 	C:\Program Files\Java\jre7\bin\zip.dll

VM Arguments:
jvm_args: -agentlib:jdwp=transport=dt_socket,suspend=y,address=localhost:62563 -Dfile.encoding=Cp1252 -Xbootclasspath:C:\adt-bundle-windows-x86_64-20130729\adt-bundle-windows-x86_64-20130729\sdk\platforms\android-19\android.jar 
java_command: org.eclipse.jdt.internal.debug.ui.snippeteditor.ScrapbookMain file:/C:/Users/Owner/Documents/Coursera+Programming+Mobile+Applications+for+Android+Handheld+Systems/WorkspaceforfirstBostonexamples/.metadata/.plugins/org.eclipse.core.resources/.projects/Buttons11/org.eclipse.jdt.debug.ui/ file:/C:/Users/Owner/Documents/Coursera+Programming+Mobile+Applications+for+Android+Handheld+Systems/WorkspaceforfirstBostonexamples/Buttons11/bin/classes/ file:/C:/adt-bundle-windows-x86_64-20130729/adt-bundle-windows-x86_64-20130729/sdk/extras/android/support/v7/appcompat/bin/android-support-v7-appcompat.jar
Launcher Type: SUN_STANDARD

Environment Variables:
JAVA_HOME=c:\Program Files\Java\jre7
CLASSPATH=.;C:\Program Files\Microsoft JDBC Driver 4.0 for SQL Server\sqljdbc_4.0\enu\sqljdbc.jar;C:\Program Files (x86)\Java\jre7\lib\ext\QTJava.zip
PATH=C:\Program Files (x86)\MEGA6;C:\Program Files (x86)\NVIDIA Corporation\PhysX\Common;C:\oraclexe\app\oracle\product\11.2.0\server\bin;C:\Windows\system32;C:\Windows;C:\Windows\System32\Wbem;C:\Windows\System32\WindowsPowerShell\v1.0\;C:\Program Files\Microsoft SQL Server\110\Tools\Binn\;c:\Program Files (x86)\Microsoft SQL Server\100\Tools\Binn\;c:\Program Files\Microsoft SQL Server\100\Tools\Binn\;c:\Program Files\Microsoft SQL Server\100\DTS\Binn\;C:\Program Files (x86)\Microsoft ASP.NET\ASP.NET Web Pages\v1.0\;C:\Program Files (x86)\Windows Kits\8.0\Windows Performance Toolkit\;C:\Program Files\Perforce;C:\Program Files (x86)\GTK2-Runtime\bin;C:\Program Files (x86)\sbt\;C:\MinGW\bin;C:\MinGW\msys\1.0\bin;C:\Program Files\Java\jdk1.7.0_10\bin;C:\Program Files (x86)\Microsoft SQL Server\110\Tools\Binn\;C:\Program Files\Microsoft SQL Server\110\DTS\Binn\;C:\Program Files (x86)\Microsoft SQL Server\110\Tools\Binn\ManagementStudio\;C:\Program Files (x86)\Microsoft Visual Studio 10.0\Common7\IDE\PrivateAssemblies\;C:\Program Files (x86)\Microsoft SQL Server\110\DTS\Binn\;C:\Program Files\Microsoft JDBC Driver 4.0 for SQL Server\sqljdbc_4.0\enu\auth\x64;C:\Program Files (x86)\Calibre2\;C:\Program Files (x86)\Heroku\bin;C:\Program Files (x86)\git\cmd;C:\Program Files\nodejs\;C:\Program Files\TortoiseGit\bin;C:\Program Files\Microsoft\Web Platform Installer\;C:\Program Files (x86)\Git\cmd;C:\Program Files (x86)\Git\bin;C:\strawberry\c\bin;C:\strawberry\perl\site\bin;C:\strawberry\perl\bin;C:\Program Files (x86)\QuickTime\QTSystem\;C:\Program Files (x86)\nodejs\;C:\Program Files (x86)\nodejs\\bin;C:\Ruby200\bin;C:\Program Files\Perforce\Server;c:\apache-maven-3.1.0\bin;c:\Android Eclipse 1\adt-bundle-windows-x86_64-20130219\sdk\platform-tools;C:\Users\Owner\AppData\Roaming\npm;C:\Python27
USERNAME=Owner
OS=Windows_NT
PROCESSOR_IDENTIFIER=Intel64 Family 6 Model 23 Stepping 10, GenuineIntel



---------------  S Y S T E M  ---------------

OS: Windows 7 , 64 bit Build 7601 Service Pack 1

CPU:total 2 (2 cores per cpu, 1 threads per core) family 6 model 23 stepping 10, cmov, cx8, fxsr, mmx, sse, sse2, sse3, ssse3, tsc

Memory: 4k page, physical 6290668k(854096k free), swap 17705880k(1873572k free)

vm_info: Java HotSpot(TM) 64-Bit Server VM (24.45-b08) for windows-amd64 JRE (1.7.0_45-b18), built on Oct  8 2013 05:47:22 by "java_re" with unknown MS VC++:1600

time: Tue Apr 08 13:01:47 2014
elapsed time: 0 seconds

